<?xml version="1.0" encoding="UTF-8"?>
<!-- Generated by org.testng.reporters.JUnitReportReporter -->
<testsuite skipped="0" hostname="DELL" name="runner.RunCucumberTest" tests="4" failures="0" timestamp="2022-08-26T22:19:47 IST" time="166.628" errors="0">
  <testcase name="runScenario" time="37.110" classname="runner.RunCucumberTest"/>
  <system-out/>
  <testcase name="runScenario" time="37.150" classname="runner.RunCucumberTest"/>
  <system-out/>
  <testcase name="runScenario" time="48.042" classname="runner.RunCucumberTest"/>
  <system-out/>
  <testcase name="runScenario" time="44.326" classname="runner.RunCucumberTest"/>
  <system-out/>
</testsuite> <!-- runner.RunCucumberTest -->
